<?xml version="1.0" encoding="UTF-8"?>
<!-- Generated by org.testng.reporters.JUnitXMLReporter -->
<testsuite ignored="0" hostname="arvind" failures="1" tests="5" name="Test" time="61.418" errors="0" timestamp="2024-02-18T00:39:25 IST">
  <testcase classname="com.as.tests.BaseTest" name="@BeforeMethod setup" time="56.689">
    <failure type="org.openqa.selenium.SessionNotCreatedException" message="Could not start a new session. Response code 500. Message: wait: http://172.17.0.4:4444/ does not respond in 30s 
Host info: host: &amp;apos;ARVIND&amp;apos;, ip: &amp;apos;172.25.16.1&amp;apos;
Build info: version: &amp;apos;4.10.0&amp;apos;, revision: &amp;apos;c14d967899&amp;apos;
System info: os.name: &amp;apos;Windows 10&amp;apos;, os.arch: &amp;apos;amd64&amp;apos;, os.version: &amp;apos;10.0&amp;apos;, java.version: &amp;apos;17.0.8.1&amp;apos;
Driver info: org.openqa.selenium.remote.RemoteWebDriver
Command: [null, newSession {capabilities=[Capabilities {browserName: chrome, browserVersion: 83.0, goog:chromeOptions: {args: [--remote-allow-origins=*], extensions: []}, selenoid:options: {enableVNC: true, enableVideo: false, env: [TZ=UTC], labels: {manual: true}, name: test 1, sessionTimeout: 15m}}]}]
Capabilities {browserName: chrome, browserVersion: 83.0, goog:chromeOptions: {args: [--remote-allow-origins=*], extensions: []}, selenoid:options: {enableVNC: true, enableVideo: false, env: [TZ=UTC], labels: {manual: true}, name: test 1, sessionTimeout: 15m}}">
      <![CDATA[org.openqa.selenium.SessionNotCreatedException: Could not start a new session. Response code 500. Message: wait: http://172.17.0.4:4444/ does not respond in 30s 
Host info: host: 'ARVIND', ip: '172.25.16.1'
Build info: version: '4.10.0', revision: 'c14d967899'
System info: os.name: 'Windows 10', os.arch: 'amd64', os.version: '10.0', java.version: '17.0.8.1'
Driver info: org.openqa.selenium.remote.RemoteWebDriver
Command: [null, newSession {capabilities=[Capabilities {browserName: chrome, browserVersion: 83.0, goog:chromeOptions: {args: [--remote-allow-origins=*], extensions: []}, selenoid:options: {enableVNC: true, enableVideo: false, env: [TZ=UTC], labels: {manual: true}, name: test 1, sessionTimeout: 15m}}]}]
Capabilities {browserName: chrome, browserVersion: 83.0, goog:chromeOptions: {args: [--remote-allow-origins=*], extensions: []}, selenoid:options: {enableVNC: true, enableVideo: false, env: [TZ=UTC], labels: {manual: true}, name: test 1, sessionTimeout: 15m}}
at org.openqa.selenium.remote.ProtocolHandshake.createSession(ProtocolHandshake.java:140)
at org.openqa.selenium.remote.ProtocolHandshake.createSession(ProtocolHandshake.java:96)
at org.openqa.selenium.remote.ProtocolHandshake.createSession(ProtocolHandshake.java:68)
at org.openqa.selenium.remote.HttpCommandExecutor.execute(HttpCommandExecutor.java:163)
at org.openqa.selenium.remote.TracedCommandExecutor.execute(TracedCommandExecutor.java:51)
at org.openqa.selenium.remote.RemoteWebDriver.execute(RemoteWebDriver.java:531)
at org.openqa.selenium.remote.RemoteWebDriver.startSession(RemoteWebDriver.java:227)
at org.openqa.selenium.remote.RemoteWebDriver.<init>(RemoteWebDriver.java:154)
at org.openqa.selenium.remote.RemoteWebDriver.<init>(RemoteWebDriver.java:134)
at com.as.factories.DriverFactory.getDriver(DriverFactory.java:50)
at com.as.driver.Driver.initDriver(Driver.java:48)
at com.as.tests.BaseTest.setup(BaseTest.java:34)
at java.base/java.util.concurrent.FutureTask.run(FutureTask.java:264)
at java.base/java.util.concurrent.Executors$RunnableAdapter.call(Executors.java:539)
at java.base/java.util.concurrent.FutureTask.run(FutureTask.java:264)
at java.base/java.util.concurrent.ThreadPoolExecutor.runWorker(ThreadPoolExecutor.java:1136)
at java.base/java.util.concurrent.ThreadPoolExecutor$Worker.run(ThreadPoolExecutor.java:635)
at java.base/java.lang.Thread.run(Thread.java:833)
... Removed 13 stack frames]]>
    </failure>
  </testcase> <!-- @BeforeMethod setup -->
  <testcase classname="com.as.tests.BaseTest" name="@BeforeMethod setup" time="56.689">
    <failure type="org.openqa.selenium.SessionNotCreatedException" message="Could not start a new session. Response code 500. Message: wait: http://172.17.0.6:4444/ does not respond in 30s 
Host info: host: &amp;apos;ARVIND&amp;apos;, ip: &amp;apos;172.25.16.1&amp;apos;
Build info: version: &amp;apos;4.10.0&amp;apos;, revision: &amp;apos;c14d967899&amp;apos;
System info: os.name: &amp;apos;Windows 10&amp;apos;, os.arch: &amp;apos;amd64&amp;apos;, os.version: &amp;apos;10.0&amp;apos;, java.version: &amp;apos;17.0.8.1&amp;apos;
Driver info: org.openqa.selenium.remote.RemoteWebDriver
Command: [null, newSession {capabilities=[Capabilities {browserName: chrome, browserVersion: 83.0, goog:chromeOptions: {args: [--remote-allow-origins=*], extensions: []}, selenoid:options: {enableVNC: true, enableVideo: false, env: [TZ=UTC], labels: {manual: true}, name: test 1, sessionTimeout: 15m}}]}]
Capabilities {browserName: chrome, browserVersion: 83.0, goog:chromeOptions: {args: [--remote-allow-origins=*], extensions: []}, selenoid:options: {enableVNC: true, enableVideo: false, env: [TZ=UTC], labels: {manual: true}, name: test 1, sessionTimeout: 15m}}">
      <![CDATA[org.openqa.selenium.SessionNotCreatedException: Could not start a new session. Response code 500. Message: wait: http://172.17.0.6:4444/ does not respond in 30s 
Host info: host: 'ARVIND', ip: '172.25.16.1'
Build info: version: '4.10.0', revision: 'c14d967899'
System info: os.name: 'Windows 10', os.arch: 'amd64', os.version: '10.0', java.version: '17.0.8.1'
Driver info: org.openqa.selenium.remote.RemoteWebDriver
Command: [null, newSession {capabilities=[Capabilities {browserName: chrome, browserVersion: 83.0, goog:chromeOptions: {args: [--remote-allow-origins=*], extensions: []}, selenoid:options: {enableVNC: true, enableVideo: false, env: [TZ=UTC], labels: {manual: true}, name: test 1, sessionTimeout: 15m}}]}]
Capabilities {browserName: chrome, browserVersion: 83.0, goog:chromeOptions: {args: [--remote-allow-origins=*], extensions: []}, selenoid:options: {enableVNC: true, enableVideo: false, env: [TZ=UTC], labels: {manual: true}, name: test 1, sessionTimeout: 15m}}
at org.openqa.selenium.remote.ProtocolHandshake.createSession(ProtocolHandshake.java:140)
at org.openqa.selenium.remote.ProtocolHandshake.createSession(ProtocolHandshake.java:96)
at org.openqa.selenium.remote.ProtocolHandshake.createSession(ProtocolHandshake.java:68)
at org.openqa.selenium.remote.HttpCommandExecutor.execute(HttpCommandExecutor.java:163)
at org.openqa.selenium.remote.TracedCommandExecutor.execute(TracedCommandExecutor.java:51)
at org.openqa.selenium.remote.RemoteWebDriver.execute(RemoteWebDriver.java:531)
at org.openqa.selenium.remote.RemoteWebDriver.startSession(RemoteWebDriver.java:227)
at org.openqa.selenium.remote.RemoteWebDriver.<init>(RemoteWebDriver.java:154)
at org.openqa.selenium.remote.RemoteWebDriver.<init>(RemoteWebDriver.java:134)
at com.as.factories.DriverFactory.getDriver(DriverFactory.java:50)
at com.as.driver.Driver.initDriver(Driver.java:48)
at com.as.tests.BaseTest.setup(BaseTest.java:34)
at java.base/java.util.concurrent.FutureTask.run(FutureTask.java:264)
at java.base/java.util.concurrent.Executors$RunnableAdapter.call(Executors.java:539)
at java.base/java.util.concurrent.FutureTask.run(FutureTask.java:264)
at java.base/java.util.concurrent.ThreadPoolExecutor.runWorker(ThreadPoolExecutor.java:1136)
at java.base/java.util.concurrent.ThreadPoolExecutor$Worker.run(ThreadPoolExecutor.java:635)
at java.base/java.lang.Thread.run(Thread.java:833)
... Removed 13 stack frames]]>
    </failure>
  </testcase> <!-- @BeforeMethod setup -->
  <testcase classname="com.as.tests.BaseTest" name="@BeforeMethod setup" time="57.46">
    <failure type="org.openqa.selenium.SessionNotCreatedException" message="Could not start a new session. Response code 500. Message: wait: http://172.17.0.5:4444/ does not respond in 30s 
Host info: host: &amp;apos;ARVIND&amp;apos;, ip: &amp;apos;172.25.16.1&amp;apos;
Build info: version: &amp;apos;4.10.0&amp;apos;, revision: &amp;apos;c14d967899&amp;apos;
System info: os.name: &amp;apos;Windows 10&amp;apos;, os.arch: &amp;apos;amd64&amp;apos;, os.version: &amp;apos;10.0&amp;apos;, java.version: &amp;apos;17.0.8.1&amp;apos;
Driver info: org.openqa.selenium.remote.RemoteWebDriver
Command: [null, newSession {capabilities=[Capabilities {browserName: chrome, browserVersion: 83.0, goog:chromeOptions: {args: [--remote-allow-origins=*], extensions: []}, selenoid:options: {enableVNC: true, enableVideo: false, env: [TZ=UTC], labels: {manual: true}, name: test 1, sessionTimeout: 15m}}]}]
Capabilities {browserName: chrome, browserVersion: 83.0, goog:chromeOptions: {args: [--remote-allow-origins=*], extensions: []}, selenoid:options: {enableVNC: true, enableVideo: false, env: [TZ=UTC], labels: {manual: true}, name: test 1, sessionTimeout: 15m}}">
      <![CDATA[org.openqa.selenium.SessionNotCreatedException: Could not start a new session. Response code 500. Message: wait: http://172.17.0.5:4444/ does not respond in 30s 
Host info: host: 'ARVIND', ip: '172.25.16.1'
Build info: version: '4.10.0', revision: 'c14d967899'
System info: os.name: 'Windows 10', os.arch: 'amd64', os.version: '10.0', java.version: '17.0.8.1'
Driver info: org.openqa.selenium.remote.RemoteWebDriver
Command: [null, newSession {capabilities=[Capabilities {browserName: chrome, browserVersion: 83.0, goog:chromeOptions: {args: [--remote-allow-origins=*], extensions: []}, selenoid:options: {enableVNC: true, enableVideo: false, env: [TZ=UTC], labels: {manual: true}, name: test 1, sessionTimeout: 15m}}]}]
Capabilities {browserName: chrome, browserVersion: 83.0, goog:chromeOptions: {args: [--remote-allow-origins=*], extensions: []}, selenoid:options: {enableVNC: true, enableVideo: false, env: [TZ=UTC], labels: {manual: true}, name: test 1, sessionTimeout: 15m}}
at org.openqa.selenium.remote.ProtocolHandshake.createSession(ProtocolHandshake.java:140)
at org.openqa.selenium.remote.ProtocolHandshake.createSession(ProtocolHandshake.java:96)
at org.openqa.selenium.remote.ProtocolHandshake.createSession(ProtocolHandshake.java:68)
at org.openqa.selenium.remote.HttpCommandExecutor.execute(HttpCommandExecutor.java:163)
at org.openqa.selenium.remote.TracedCommandExecutor.execute(TracedCommandExecutor.java:51)
at org.openqa.selenium.remote.RemoteWebDriver.execute(RemoteWebDriver.java:531)
at org.openqa.selenium.remote.RemoteWebDriver.startSession(RemoteWebDriver.java:227)
at org.openqa.selenium.remote.RemoteWebDriver.<init>(RemoteWebDriver.java:154)
at org.openqa.selenium.remote.RemoteWebDriver.<init>(RemoteWebDriver.java:134)
at com.as.factories.DriverFactory.getDriver(DriverFactory.java:50)
at com.as.driver.Driver.initDriver(Driver.java:48)
at com.as.tests.BaseTest.setup(BaseTest.java:34)
at java.base/java.util.concurrent.FutureTask.run(FutureTask.java:264)
at java.base/java.util.concurrent.Executors$RunnableAdapter.call(Executors.java:539)
at java.base/java.util.concurrent.FutureTask.run(FutureTask.java:264)
at java.base/java.util.concurrent.ThreadPoolExecutor.runWorker(ThreadPoolExecutor.java:1136)
at java.base/java.util.concurrent.ThreadPoolExecutor$Worker.run(ThreadPoolExecutor.java:635)
at java.base/java.lang.Thread.run(Thread.java:833)
... Removed 13 stack frames]]>
    </failure>
  </testcase> <!-- @BeforeMethod setup -->
  <testcase classname="com.as.tests.OrangeHRMTest" name="loginLogoutTest" time="0.0">
    <skipped/>
  </testcase> <!-- loginLogoutTest -->
  <testcase classname="com.as.tests.OrangeHRMTest" name="newTest" time="0.0">
    <skipped/>
  </testcase> <!-- newTest -->
  <testcase classname="com.as.tests.OrangeHRMTest" name="loginLogoutTest" time="0.0">
    <skipped/>
  </testcase> <!-- loginLogoutTest -->
  <testcase classname="com.as.tests.OrangeHRMTest" name="newTest" time="58.193">
    <failure type="org.testng.TestNGException" message="java.util.concurrent.ExecutionException: java.lang.NullPointerException: Cannot invoke &amp;quot;org.openqa.selenium.TakesScreenshot.getScreenshotAs(org.openqa.selenium.OutputType)&amp;quot; because the return value of &amp;quot;com.as.driver.DriverManager.getDriver()&amp;quot; is null">
      <![CDATA[org.testng.TestNGException: java.util.concurrent.ExecutionException: java.lang.NullPointerException: Cannot invoke "org.openqa.selenium.TakesScreenshot.getScreenshotAs(org.openqa.selenium.OutputType)" because the return value of "com.as.driver.DriverManager.getDriver()" is null
at java.base/java.util.concurrent.ThreadPoolExecutor.runWorker(ThreadPoolExecutor.java:1136)
at java.base/java.util.concurrent.ThreadPoolExecutor$Worker.run(ThreadPoolExecutor.java:635)
at java.base/java.lang.Thread.run(Thread.java:833)
Caused by: java.util.concurrent.ExecutionException: java.lang.NullPointerException: Cannot invoke "org.openqa.selenium.TakesScreenshot.getScreenshotAs(org.openqa.selenium.OutputType)" because the return value of "com.as.driver.DriverManager.getDriver()" is null
at java.base/java.util.concurrent.FutureTask.report(FutureTask.java:122)
at java.base/java.util.concurrent.FutureTask.get(FutureTask.java:191)
... 8 more
Caused by: java.lang.NullPointerException: Cannot invoke "org.openqa.selenium.TakesScreenshot.getScreenshotAs(org.openqa.selenium.OutputType)" because the return value of "com.as.driver.DriverManager.getDriver()" is null
at com.as.utils.ScreenshotUtils.getBase64Image(ScreenshotUtils.java:15)
at com.as.reports.ExtentLogger.skipped(ExtentLogger.java:60)
at com.as.listeners.ListenerClass.onTestSkipped(ListenerClass.java:62)
at java.base/java.util.concurrent.FutureTask.run(FutureTask.java:264)
at java.base/java.util.concurrent.Executors$RunnableAdapter.call(Executors.java:539)
at java.base/java.util.concurrent.FutureTask.run(FutureTask.java:264)
... 3 more
... Removed 14 stack frames]]>
    </failure>
  </testcase> <!-- newTest -->
  <testcase classname="com.as.tests.OrangeHRMTest" name="loginLogoutTest" time="58.193">
    <failure type="org.testng.TestNGException" message="java.util.concurrent.ExecutionException: java.lang.NullPointerException: Cannot invoke &amp;quot;org.openqa.selenium.TakesScreenshot.getScreenshotAs(org.openqa.selenium.OutputType)&amp;quot; because the return value of &amp;quot;com.as.driver.DriverManager.getDriver()&amp;quot; is null">
      <![CDATA[org.testng.TestNGException: java.util.concurrent.ExecutionException: java.lang.NullPointerException: Cannot invoke "org.openqa.selenium.TakesScreenshot.getScreenshotAs(org.openqa.selenium.OutputType)" because the return value of "com.as.driver.DriverManager.getDriver()" is null
at java.base/java.util.concurrent.ThreadPoolExecutor.runWorker(ThreadPoolExecutor.java:1136)
at java.base/java.util.concurrent.ThreadPoolExecutor$Worker.run(ThreadPoolExecutor.java:635)
at java.base/java.lang.Thread.run(Thread.java:833)
Caused by: java.util.concurrent.ExecutionException: java.lang.NullPointerException: Cannot invoke "org.openqa.selenium.TakesScreenshot.getScreenshotAs(org.openqa.selenium.OutputType)" because the return value of "com.as.driver.DriverManager.getDriver()" is null
at java.base/java.util.concurrent.FutureTask.report(FutureTask.java:122)
at java.base/java.util.concurrent.FutureTask.get(FutureTask.java:191)
... 8 more
Caused by: java.lang.NullPointerException: Cannot invoke "org.openqa.selenium.TakesScreenshot.getScreenshotAs(org.openqa.selenium.OutputType)" because the return value of "com.as.driver.DriverManager.getDriver()" is null
at com.as.utils.ScreenshotUtils.getBase64Image(ScreenshotUtils.java:15)
at com.as.reports.ExtentLogger.skipped(ExtentLogger.java:60)
at com.as.listeners.ListenerClass.onTestSkipped(ListenerClass.java:62)
at java.base/java.util.concurrent.FutureTask.run(FutureTask.java:264)
at java.base/java.util.concurrent.Executors$RunnableAdapter.call(Executors.java:539)
at java.base/java.util.concurrent.FutureTask.run(FutureTask.java:264)
... 3 more
... Removed 14 stack frames]]>
    </failure>
  </testcase> <!-- loginLogoutTest -->
</testsuite> <!-- Test -->
