<?xml version="1.0" encoding="UTF-8"?>
<testng-results ignored="0" total="3" passed="0" failed="0" skipped="3">
  <reporter-output>
  </reporter-output>
  <suite started-at="2024-02-18T00:38:24 IST" name="Suite" finished-at="2024-02-18T00:39:25 IST" duration-ms="61418">
    <groups>
    </groups>
    <test started-at="2024-02-18T00:38:24 IST" name="Test" finished-at="2024-02-18T00:39:25 IST" duration-ms="61418">
      <class name="com.as.tests.OrangeHRMTest">
        <test-method is-config="true" signature="setup([Ljava.lang.Object;)[pri:0, instance:com.as.tests.OrangeHRMTest@59505b48]" started-at="2024-02-18T00:38:27 IST" name="setup" finished-at="2024-02-18T00:39:25 IST" duration-ms="57460" status="FAIL">
          <params>
            <param index="0">
              <value>
                <![CDATA[[Ljava.lang.Object;@7d0100ea]]>
              </value>
            </param>
          </params>
          <exception class="org.openqa.selenium.SessionNotCreatedException">
            <message>
              <![CDATA[Could not start a new session. Response code 500. Message: wait: http://172.17.0.5:4444/ does not respond in 30s 
Host info: host: 'ARVIND', ip: '172.25.16.1'
Build info: version: '4.10.0', revision: 'c14d967899'
System info: os.name: 'Windows 10', os.arch: 'amd64', os.version: '10.0', java.version: '17.0.8.1'
Driver info: org.openqa.selenium.remote.RemoteWebDriver
Command: [null, newSession {capabilities=[Capabilities {browserName: chrome, browserVersion: 83.0, goog:chromeOptions: {args: [--remote-allow-origins=*], extensions: []}, selenoid:options: {enableVNC: true, enableVideo: false, env: [TZ=UTC], labels: {manual: true}, name: test 1, sessionTimeout: 15m}}]}]
Capabilities {browserName: chrome, browserVersion: 83.0, goog:chromeOptions: {args: [--remote-allow-origins=*], extensions: []}, selenoid:options: {enableVNC: true, enableVideo: false, env: [TZ=UTC], labels: {manual: true}, name: test 1, sessionTimeout: 15m}}]]>
            </message>
            <full-stacktrace>
              <![CDATA[org.openqa.selenium.SessionNotCreatedException: Could not start a new session. Response code 500. Message: wait: http://172.17.0.5:4444/ does not respond in 30s 
Host info: host: 'ARVIND', ip: '172.25.16.1'
Build info: version: '4.10.0', revision: 'c14d967899'
System info: os.name: 'Windows 10', os.arch: 'amd64', os.version: '10.0', java.version: '17.0.8.1'
Driver info: org.openqa.selenium.remote.RemoteWebDriver
Command: [null, newSession {capabilities=[Capabilities {browserName: chrome, browserVersion: 83.0, goog:chromeOptions: {args: [--remote-allow-origins=*], extensions: []}, selenoid:options: {enableVNC: true, enableVideo: false, env: [TZ=UTC], labels: {manual: true}, name: test 1, sessionTimeout: 15m}}]}]
Capabilities {browserName: chrome, browserVersion: 83.0, goog:chromeOptions: {args: [--remote-allow-origins=*], extensions: []}, selenoid:options: {enableVNC: true, enableVideo: false, env: [TZ=UTC], labels: {manual: true}, name: test 1, sessionTimeout: 15m}}
at org.openqa.selenium.remote.ProtocolHandshake.createSession(ProtocolHandshake.java:140)
at org.openqa.selenium.remote.ProtocolHandshake.createSession(ProtocolHandshake.java:96)
at org.openqa.selenium.remote.ProtocolHandshake.createSession(ProtocolHandshake.java:68)
at org.openqa.selenium.remote.HttpCommandExecutor.execute(HttpCommandExecutor.java:163)
at org.openqa.selenium.remote.TracedCommandExecutor.execute(TracedCommandExecutor.java:51)
at org.openqa.selenium.remote.RemoteWebDriver.execute(RemoteWebDriver.java:531)
at org.openqa.selenium.remote.RemoteWebDriver.startSession(RemoteWebDriver.java:227)
at org.openqa.selenium.remote.RemoteWebDriver.<init>(RemoteWebDriver.java:154)
at org.openqa.selenium.remote.RemoteWebDriver.<init>(RemoteWebDriver.java:134)
at com.as.factories.DriverFactory.getDriver(DriverFactory.java:50)
at com.as.driver.Driver.initDriver(Driver.java:48)
at com.as.tests.BaseTest.setup(BaseTest.java:34)
at java.base/jdk.internal.reflect.NativeMethodAccessorImpl.invoke0(Native Method)
at java.base/jdk.internal.reflect.NativeMethodAccessorImpl.invoke(NativeMethodAccessorImpl.java:77)
at java.base/jdk.internal.reflect.DelegatingMethodAccessorImpl.invoke(DelegatingMethodAccessorImpl.java:43)
at java.base/java.lang.reflect.Method.invoke(Method.java:568)
at org.testng.internal.MethodInvocationHelper.invokeMethod(MethodInvocationHelper.java:133)
at org.testng.internal.MethodInvocationHelper.invokeMethodConsideringTimeout(MethodInvocationHelper.java:62)
at org.testng.internal.ConfigInvoker.invokeConfigurationMethod(ConfigInvoker.java:385)
at org.testng.internal.ConfigInvoker.invokeConfigurations(ConfigInvoker.java:321)
at org.testng.internal.TestInvoker.runConfigMethods(TestInvoker.java:700)
at org.testng.internal.TestInvoker.invokeMethod(TestInvoker.java:527)
at org.testng.internal.TestInvoker.invokeTestMethod(TestInvoker.java:173)
at org.testng.internal.TestMethodWithDataProviderMethodWorker.call(TestMethodWithDataProviderMethodWorker.java:77)
at org.testng.internal.TestMethodWithDataProviderMethodWorker.call(TestMethodWithDataProviderMethodWorker.java:15)
at java.base/java.util.concurrent.FutureTask.run(FutureTask.java:264)
at java.base/java.util.concurrent.Executors$RunnableAdapter.call(Executors.java:539)
at java.base/java.util.concurrent.FutureTask.run(FutureTask.java:264)
at java.base/java.util.concurrent.ThreadPoolExecutor.runWorker(ThreadPoolExecutor.java:1136)
at java.base/java.util.concurrent.ThreadPoolExecutor$Worker.run(ThreadPoolExecutor.java:635)
at java.base/java.lang.Thread.run(Thread.java:833)
]]>
            </full-stacktrace>
          </exception> <!-- org.openqa.selenium.SessionNotCreatedException -->
          <reporter-output>
          </reporter-output>
        </test-method> <!-- setup -->
        <test-method is-config="true" signature="setup([Ljava.lang.Object;)[pri:0, instance:com.as.tests.OrangeHRMTest@59505b48]" started-at="2024-02-18T00:38:27 IST" name="setup" finished-at="2024-02-18T00:39:24 IST" duration-ms="56689" status="FAIL">
          <params>
            <param index="0">
              <value>
                <![CDATA[[Ljava.lang.Object;@319642db]]>
              </value>
            </param>
          </params>
          <exception class="org.openqa.selenium.SessionNotCreatedException">
            <message>
              <![CDATA[Could not start a new session. Response code 500. Message: wait: http://172.17.0.6:4444/ does not respond in 30s 
Host info: host: 'ARVIND', ip: '172.25.16.1'
Build info: version: '4.10.0', revision: 'c14d967899'
System info: os.name: 'Windows 10', os.arch: 'amd64', os.version: '10.0', java.version: '17.0.8.1'
Driver info: org.openqa.selenium.remote.RemoteWebDriver
Command: [null, newSession {capabilities=[Capabilities {browserName: chrome, browserVersion: 83.0, goog:chromeOptions: {args: [--remote-allow-origins=*], extensions: []}, selenoid:options: {enableVNC: true, enableVideo: false, env: [TZ=UTC], labels: {manual: true}, name: test 1, sessionTimeout: 15m}}]}]
Capabilities {browserName: chrome, browserVersion: 83.0, goog:chromeOptions: {args: [--remote-allow-origins=*], extensions: []}, selenoid:options: {enableVNC: true, enableVideo: false, env: [TZ=UTC], labels: {manual: true}, name: test 1, sessionTimeout: 15m}}]]>
            </message>
            <full-stacktrace>
              <![CDATA[org.openqa.selenium.SessionNotCreatedException: Could not start a new session. Response code 500. Message: wait: http://172.17.0.6:4444/ does not respond in 30s 
Host info: host: 'ARVIND', ip: '172.25.16.1'
Build info: version: '4.10.0', revision: 'c14d967899'
System info: os.name: 'Windows 10', os.arch: 'amd64', os.version: '10.0', java.version: '17.0.8.1'
Driver info: org.openqa.selenium.remote.RemoteWebDriver
Command: [null, newSession {capabilities=[Capabilities {browserName: chrome, browserVersion: 83.0, goog:chromeOptions: {args: [--remote-allow-origins=*], extensions: []}, selenoid:options: {enableVNC: true, enableVideo: false, env: [TZ=UTC], labels: {manual: true}, name: test 1, sessionTimeout: 15m}}]}]
Capabilities {browserName: chrome, browserVersion: 83.0, goog:chromeOptions: {args: [--remote-allow-origins=*], extensions: []}, selenoid:options: {enableVNC: true, enableVideo: false, env: [TZ=UTC], labels: {manual: true}, name: test 1, sessionTimeout: 15m}}
at org.openqa.selenium.remote.ProtocolHandshake.createSession(ProtocolHandshake.java:140)
at org.openqa.selenium.remote.ProtocolHandshake.createSession(ProtocolHandshake.java:96)
at org.openqa.selenium.remote.ProtocolHandshake.createSession(ProtocolHandshake.java:68)
at org.openqa.selenium.remote.HttpCommandExecutor.execute(HttpCommandExecutor.java:163)
at org.openqa.selenium.remote.TracedCommandExecutor.execute(TracedCommandExecutor.java:51)
at org.openqa.selenium.remote.RemoteWebDriver.execute(RemoteWebDriver.java:531)
at org.openqa.selenium.remote.RemoteWebDriver.startSession(RemoteWebDriver.java:227)
at org.openqa.selenium.remote.RemoteWebDriver.<init>(RemoteWebDriver.java:154)
at org.openqa.selenium.remote.RemoteWebDriver.<init>(RemoteWebDriver.java:134)
at com.as.factories.DriverFactory.getDriver(DriverFactory.java:50)
at com.as.driver.Driver.initDriver(Driver.java:48)
at com.as.tests.BaseTest.setup(BaseTest.java:34)
at java.base/jdk.internal.reflect.NativeMethodAccessorImpl.invoke0(Native Method)
at java.base/jdk.internal.reflect.NativeMethodAccessorImpl.invoke(NativeMethodAccessorImpl.java:77)
at java.base/jdk.internal.reflect.DelegatingMethodAccessorImpl.invoke(DelegatingMethodAccessorImpl.java:43)
at java.base/java.lang.reflect.Method.invoke(Method.java:568)
at org.testng.internal.MethodInvocationHelper.invokeMethod(MethodInvocationHelper.java:133)
at org.testng.internal.MethodInvocationHelper.invokeMethodConsideringTimeout(MethodInvocationHelper.java:62)
at org.testng.internal.ConfigInvoker.invokeConfigurationMethod(ConfigInvoker.java:385)
at org.testng.internal.ConfigInvoker.invokeConfigurations(ConfigInvoker.java:321)
at org.testng.internal.TestInvoker.runConfigMethods(TestInvoker.java:700)
at org.testng.internal.TestInvoker.invokeMethod(TestInvoker.java:527)
at org.testng.internal.TestInvoker.invokeTestMethod(TestInvoker.java:173)
at org.testng.internal.TestMethodWithDataProviderMethodWorker.call(TestMethodWithDataProviderMethodWorker.java:77)
at org.testng.internal.TestMethodWithDataProviderMethodWorker.call(TestMethodWithDataProviderMethodWorker.java:15)
at java.base/java.util.concurrent.FutureTask.run(FutureTask.java:264)
at java.base/java.util.concurrent.Executors$RunnableAdapter.call(Executors.java:539)
at java.base/java.util.concurrent.FutureTask.run(FutureTask.java:264)
at java.base/java.util.concurrent.ThreadPoolExecutor.runWorker(ThreadPoolExecutor.java:1136)
at java.base/java.util.concurrent.ThreadPoolExecutor$Worker.run(ThreadPoolExecutor.java:635)
at java.base/java.lang.Thread.run(Thread.java:833)
]]>
            </full-stacktrace>
          </exception> <!-- org.openqa.selenium.SessionNotCreatedException -->
          <reporter-output>
          </reporter-output>
        </test-method> <!-- setup -->
        <test-method is-config="true" signature="setup([Ljava.lang.Object;)[pri:0, instance:com.as.tests.OrangeHRMTest@59505b48]" started-at="2024-02-18T00:38:27 IST" name="setup" finished-at="2024-02-18T00:39:24 IST" duration-ms="56689" status="FAIL">
          <params>
            <param index="0">
              <value>
                <![CDATA[[Ljava.lang.Object;@68b11545]]>
              </value>
            </param>
          </params>
          <exception class="org.openqa.selenium.SessionNotCreatedException">
            <message>
              <![CDATA[Could not start a new session. Response code 500. Message: wait: http://172.17.0.4:4444/ does not respond in 30s 
Host info: host: 'ARVIND', ip: '172.25.16.1'
Build info: version: '4.10.0', revision: 'c14d967899'
System info: os.name: 'Windows 10', os.arch: 'amd64', os.version: '10.0', java.version: '17.0.8.1'
Driver info: org.openqa.selenium.remote.RemoteWebDriver
Command: [null, newSession {capabilities=[Capabilities {browserName: chrome, browserVersion: 83.0, goog:chromeOptions: {args: [--remote-allow-origins=*], extensions: []}, selenoid:options: {enableVNC: true, enableVideo: false, env: [TZ=UTC], labels: {manual: true}, name: test 1, sessionTimeout: 15m}}]}]
Capabilities {browserName: chrome, browserVersion: 83.0, goog:chromeOptions: {args: [--remote-allow-origins=*], extensions: []}, selenoid:options: {enableVNC: true, enableVideo: false, env: [TZ=UTC], labels: {manual: true}, name: test 1, sessionTimeout: 15m}}]]>
            </message>
            <full-stacktrace>
              <![CDATA[org.openqa.selenium.SessionNotCreatedException: Could not start a new session. Response code 500. Message: wait: http://172.17.0.4:4444/ does not respond in 30s 
Host info: host: 'ARVIND', ip: '172.25.16.1'
Build info: version: '4.10.0', revision: 'c14d967899'
System info: os.name: 'Windows 10', os.arch: 'amd64', os.version: '10.0', java.version: '17.0.8.1'
Driver info: org.openqa.selenium.remote.RemoteWebDriver
Command: [null, newSession {capabilities=[Capabilities {browserName: chrome, browserVersion: 83.0, goog:chromeOptions: {args: [--remote-allow-origins=*], extensions: []}, selenoid:options: {enableVNC: true, enableVideo: false, env: [TZ=UTC], labels: {manual: true}, name: test 1, sessionTimeout: 15m}}]}]
Capabilities {browserName: chrome, browserVersion: 83.0, goog:chromeOptions: {args: [--remote-allow-origins=*], extensions: []}, selenoid:options: {enableVNC: true, enableVideo: false, env: [TZ=UTC], labels: {manual: true}, name: test 1, sessionTimeout: 15m}}
at org.openqa.selenium.remote.ProtocolHandshake.createSession(ProtocolHandshake.java:140)
at org.openqa.selenium.remote.ProtocolHandshake.createSession(ProtocolHandshake.java:96)
at org.openqa.selenium.remote.ProtocolHandshake.createSession(ProtocolHandshake.java:68)
at org.openqa.selenium.remote.HttpCommandExecutor.execute(HttpCommandExecutor.java:163)
at org.openqa.selenium.remote.TracedCommandExecutor.execute(TracedCommandExecutor.java:51)
at org.openqa.selenium.remote.RemoteWebDriver.execute(RemoteWebDriver.java:531)
at org.openqa.selenium.remote.RemoteWebDriver.startSession(RemoteWebDriver.java:227)
at org.openqa.selenium.remote.RemoteWebDriver.<init>(RemoteWebDriver.java:154)
at org.openqa.selenium.remote.RemoteWebDriver.<init>(RemoteWebDriver.java:134)
at com.as.factories.DriverFactory.getDriver(DriverFactory.java:50)
at com.as.driver.Driver.initDriver(Driver.java:48)
at com.as.tests.BaseTest.setup(BaseTest.java:34)
at java.base/jdk.internal.reflect.NativeMethodAccessorImpl.invoke0(Native Method)
at java.base/jdk.internal.reflect.NativeMethodAccessorImpl.invoke(NativeMethodAccessorImpl.java:77)
at java.base/jdk.internal.reflect.DelegatingMethodAccessorImpl.invoke(DelegatingMethodAccessorImpl.java:43)
at java.base/java.lang.reflect.Method.invoke(Method.java:568)
at org.testng.internal.MethodInvocationHelper.invokeMethod(MethodInvocationHelper.java:133)
at org.testng.internal.MethodInvocationHelper.invokeMethodConsideringTimeout(MethodInvocationHelper.java:62)
at org.testng.internal.ConfigInvoker.invokeConfigurationMethod(ConfigInvoker.java:385)
at org.testng.internal.ConfigInvoker.invokeConfigurations(ConfigInvoker.java:321)
at org.testng.internal.TestInvoker.runConfigMethods(TestInvoker.java:700)
at org.testng.internal.TestInvoker.invokeMethod(TestInvoker.java:527)
at org.testng.internal.TestInvoker.invokeTestMethod(TestInvoker.java:173)
at org.testng.internal.TestMethodWithDataProviderMethodWorker.call(TestMethodWithDataProviderMethodWorker.java:77)
at org.testng.internal.TestMethodWithDataProviderMethodWorker.call(TestMethodWithDataProviderMethodWorker.java:15)
at java.base/java.util.concurrent.FutureTask.run(FutureTask.java:264)
at java.base/java.util.concurrent.Executors$RunnableAdapter.call(Executors.java:539)
at java.base/java.util.concurrent.FutureTask.run(FutureTask.java:264)
at java.base/java.util.concurrent.ThreadPoolExecutor.runWorker(ThreadPoolExecutor.java:1136)
at java.base/java.util.concurrent.ThreadPoolExecutor$Worker.run(ThreadPoolExecutor.java:635)
at java.base/java.lang.Thread.run(Thread.java:833)
]]>
            </full-stacktrace>
          </exception> <!-- org.openqa.selenium.SessionNotCreatedException -->
          <reporter-output>
          </reporter-output>
        </test-method> <!-- setup -->
        <test-method signature="loginLogoutTest(java.util.Map)[pri:0, instance:com.as.tests.OrangeHRMTest@59505b48]" started-at="2024-02-18T00:39:24 IST" name="loginLogoutTest" description="to check whether the user can successfully login and logout" data-provider="getData" finished-at="2024-02-18T00:39:24 IST" duration-ms="0" status="SKIP">
          <params>
            <param index="0">
              <value>
                <![CDATA[{testname=loginLogouttest, execute=yes, browser=chrome, version=83.0, username=Admin, password=YWRtaW4xMjM=, fname=dhoni, menutext=}]]>
              </value>
            </param>
          </params>
          <exception class="org.openqa.selenium.SessionNotCreatedException">
            <message>
              <![CDATA[Could not start a new session. Response code 500. Message: wait: http://172.17.0.6:4444/ does not respond in 30s 
Host info: host: 'ARVIND', ip: '172.25.16.1'
Build info: version: '4.10.0', revision: 'c14d967899'
System info: os.name: 'Windows 10', os.arch: 'amd64', os.version: '10.0', java.version: '17.0.8.1'
Driver info: org.openqa.selenium.remote.RemoteWebDriver
Command: [null, newSession {capabilities=[Capabilities {browserName: chrome, browserVersion: 83.0, goog:chromeOptions: {args: [--remote-allow-origins=*], extensions: []}, selenoid:options: {enableVNC: true, enableVideo: false, env: [TZ=UTC], labels: {manual: true}, name: test 1, sessionTimeout: 15m}}]}]
Capabilities {browserName: chrome, browserVersion: 83.0, goog:chromeOptions: {args: [--remote-allow-origins=*], extensions: []}, selenoid:options: {enableVNC: true, enableVideo: false, env: [TZ=UTC], labels: {manual: true}, name: test 1, sessionTimeout: 15m}}]]>
            </message>
            <full-stacktrace>
              <![CDATA[org.openqa.selenium.SessionNotCreatedException: Could not start a new session. Response code 500. Message: wait: http://172.17.0.6:4444/ does not respond in 30s 
Host info: host: 'ARVIND', ip: '172.25.16.1'
Build info: version: '4.10.0', revision: 'c14d967899'
System info: os.name: 'Windows 10', os.arch: 'amd64', os.version: '10.0', java.version: '17.0.8.1'
Driver info: org.openqa.selenium.remote.RemoteWebDriver
Command: [null, newSession {capabilities=[Capabilities {browserName: chrome, browserVersion: 83.0, goog:chromeOptions: {args: [--remote-allow-origins=*], extensions: []}, selenoid:options: {enableVNC: true, enableVideo: false, env: [TZ=UTC], labels: {manual: true}, name: test 1, sessionTimeout: 15m}}]}]
Capabilities {browserName: chrome, browserVersion: 83.0, goog:chromeOptions: {args: [--remote-allow-origins=*], extensions: []}, selenoid:options: {enableVNC: true, enableVideo: false, env: [TZ=UTC], labels: {manual: true}, name: test 1, sessionTimeout: 15m}}
at org.openqa.selenium.remote.ProtocolHandshake.createSession(ProtocolHandshake.java:140)
at org.openqa.selenium.remote.ProtocolHandshake.createSession(ProtocolHandshake.java:96)
at org.openqa.selenium.remote.ProtocolHandshake.createSession(ProtocolHandshake.java:68)
at org.openqa.selenium.remote.HttpCommandExecutor.execute(HttpCommandExecutor.java:163)
at org.openqa.selenium.remote.TracedCommandExecutor.execute(TracedCommandExecutor.java:51)
at org.openqa.selenium.remote.RemoteWebDriver.execute(RemoteWebDriver.java:531)
at org.openqa.selenium.remote.RemoteWebDriver.startSession(RemoteWebDriver.java:227)
at org.openqa.selenium.remote.RemoteWebDriver.<init>(RemoteWebDriver.java:154)
at org.openqa.selenium.remote.RemoteWebDriver.<init>(RemoteWebDriver.java:134)
at com.as.factories.DriverFactory.getDriver(DriverFactory.java:50)
at com.as.driver.Driver.initDriver(Driver.java:48)
at com.as.tests.BaseTest.setup(BaseTest.java:34)
at java.base/jdk.internal.reflect.NativeMethodAccessorImpl.invoke0(Native Method)
at java.base/jdk.internal.reflect.NativeMethodAccessorImpl.invoke(NativeMethodAccessorImpl.java:77)
at java.base/jdk.internal.reflect.DelegatingMethodAccessorImpl.invoke(DelegatingMethodAccessorImpl.java:43)
at java.base/java.lang.reflect.Method.invoke(Method.java:568)
at org.testng.internal.MethodInvocationHelper.invokeMethod(MethodInvocationHelper.java:133)
at org.testng.internal.MethodInvocationHelper.invokeMethodConsideringTimeout(MethodInvocationHelper.java:62)
at org.testng.internal.ConfigInvoker.invokeConfigurationMethod(ConfigInvoker.java:385)
at org.testng.internal.ConfigInvoker.invokeConfigurations(ConfigInvoker.java:321)
at org.testng.internal.TestInvoker.runConfigMethods(TestInvoker.java:700)
at org.testng.internal.TestInvoker.invokeMethod(TestInvoker.java:527)
at org.testng.internal.TestInvoker.invokeTestMethod(TestInvoker.java:173)
at org.testng.internal.TestMethodWithDataProviderMethodWorker.call(TestMethodWithDataProviderMethodWorker.java:77)
at org.testng.internal.TestMethodWithDataProviderMethodWorker.call(TestMethodWithDataProviderMethodWorker.java:15)
at java.base/java.util.concurrent.FutureTask.run(FutureTask.java:264)
at java.base/java.util.concurrent.Executors$RunnableAdapter.call(Executors.java:539)
at java.base/java.util.concurrent.FutureTask.run(FutureTask.java:264)
at java.base/java.util.concurrent.ThreadPoolExecutor.runWorker(ThreadPoolExecutor.java:1136)
at java.base/java.util.concurrent.ThreadPoolExecutor$Worker.run(ThreadPoolExecutor.java:635)
at java.base/java.lang.Thread.run(Thread.java:833)
]]>
            </full-stacktrace>
          </exception> <!-- org.openqa.selenium.SessionNotCreatedException -->
          <reporter-output>
          </reporter-output>
        </test-method> <!-- loginLogoutTest -->
        <test-method signature="newTest(java.util.Map)[pri:0, instance:com.as.tests.OrangeHRMTest@59505b48]" started-at="2024-02-18T00:39:24 IST" name="newTest" description="to check whether this test is successfully executed or not " data-provider="getData" finished-at="2024-02-18T00:39:24 IST" duration-ms="0" status="SKIP">
          <params>
            <param index="0">
              <value>
                <![CDATA[{testname=newtest, execute=yes, browser=chrome, version=83.0, username=Admin, password=YWRtaW4xMjM=, fname=, menutext=}]]>
              </value>
            </param>
          </params>
          <exception class="org.openqa.selenium.SessionNotCreatedException">
            <message>
              <![CDATA[Could not start a new session. Response code 500. Message: wait: http://172.17.0.6:4444/ does not respond in 30s 
Host info: host: 'ARVIND', ip: '172.25.16.1'
Build info: version: '4.10.0', revision: 'c14d967899'
System info: os.name: 'Windows 10', os.arch: 'amd64', os.version: '10.0', java.version: '17.0.8.1'
Driver info: org.openqa.selenium.remote.RemoteWebDriver
Command: [null, newSession {capabilities=[Capabilities {browserName: chrome, browserVersion: 83.0, goog:chromeOptions: {args: [--remote-allow-origins=*], extensions: []}, selenoid:options: {enableVNC: true, enableVideo: false, env: [TZ=UTC], labels: {manual: true}, name: test 1, sessionTimeout: 15m}}]}]
Capabilities {browserName: chrome, browserVersion: 83.0, goog:chromeOptions: {args: [--remote-allow-origins=*], extensions: []}, selenoid:options: {enableVNC: true, enableVideo: false, env: [TZ=UTC], labels: {manual: true}, name: test 1, sessionTimeout: 15m}}]]>
            </message>
            <full-stacktrace>
              <![CDATA[org.openqa.selenium.SessionNotCreatedException: Could not start a new session. Response code 500. Message: wait: http://172.17.0.6:4444/ does not respond in 30s 
Host info: host: 'ARVIND', ip: '172.25.16.1'
Build info: version: '4.10.0', revision: 'c14d967899'
System info: os.name: 'Windows 10', os.arch: 'amd64', os.version: '10.0', java.version: '17.0.8.1'
Driver info: org.openqa.selenium.remote.RemoteWebDriver
Command: [null, newSession {capabilities=[Capabilities {browserName: chrome, browserVersion: 83.0, goog:chromeOptions: {args: [--remote-allow-origins=*], extensions: []}, selenoid:options: {enableVNC: true, enableVideo: false, env: [TZ=UTC], labels: {manual: true}, name: test 1, sessionTimeout: 15m}}]}]
Capabilities {browserName: chrome, browserVersion: 83.0, goog:chromeOptions: {args: [--remote-allow-origins=*], extensions: []}, selenoid:options: {enableVNC: true, enableVideo: false, env: [TZ=UTC], labels: {manual: true}, name: test 1, sessionTimeout: 15m}}
at org.openqa.selenium.remote.ProtocolHandshake.createSession(ProtocolHandshake.java:140)
at org.openqa.selenium.remote.ProtocolHandshake.createSession(ProtocolHandshake.java:96)
at org.openqa.selenium.remote.ProtocolHandshake.createSession(ProtocolHandshake.java:68)
at org.openqa.selenium.remote.HttpCommandExecutor.execute(HttpCommandExecutor.java:163)
at org.openqa.selenium.remote.TracedCommandExecutor.execute(TracedCommandExecutor.java:51)
at org.openqa.selenium.remote.RemoteWebDriver.execute(RemoteWebDriver.java:531)
at org.openqa.selenium.remote.RemoteWebDriver.startSession(RemoteWebDriver.java:227)
at org.openqa.selenium.remote.RemoteWebDriver.<init>(RemoteWebDriver.java:154)
at org.openqa.selenium.remote.RemoteWebDriver.<init>(RemoteWebDriver.java:134)
at com.as.factories.DriverFactory.getDriver(DriverFactory.java:50)
at com.as.driver.Driver.initDriver(Driver.java:48)
at com.as.tests.BaseTest.setup(BaseTest.java:34)
at java.base/jdk.internal.reflect.NativeMethodAccessorImpl.invoke0(Native Method)
at java.base/jdk.internal.reflect.NativeMethodAccessorImpl.invoke(NativeMethodAccessorImpl.java:77)
at java.base/jdk.internal.reflect.DelegatingMethodAccessorImpl.invoke(DelegatingMethodAccessorImpl.java:43)
at java.base/java.lang.reflect.Method.invoke(Method.java:568)
at org.testng.internal.MethodInvocationHelper.invokeMethod(MethodInvocationHelper.java:133)
at org.testng.internal.MethodInvocationHelper.invokeMethodConsideringTimeout(MethodInvocationHelper.java:62)
at org.testng.internal.ConfigInvoker.invokeConfigurationMethod(ConfigInvoker.java:385)
at org.testng.internal.ConfigInvoker.invokeConfigurations(ConfigInvoker.java:321)
at org.testng.internal.TestInvoker.runConfigMethods(TestInvoker.java:700)
at org.testng.internal.TestInvoker.invokeMethod(TestInvoker.java:527)
at org.testng.internal.TestInvoker.invokeTestMethod(TestInvoker.java:173)
at org.testng.internal.TestMethodWithDataProviderMethodWorker.call(TestMethodWithDataProviderMethodWorker.java:77)
at org.testng.internal.TestMethodWithDataProviderMethodWorker.call(TestMethodWithDataProviderMethodWorker.java:15)
at java.base/java.util.concurrent.FutureTask.run(FutureTask.java:264)
at java.base/java.util.concurrent.Executors$RunnableAdapter.call(Executors.java:539)
at java.base/java.util.concurrent.FutureTask.run(FutureTask.java:264)
at java.base/java.util.concurrent.ThreadPoolExecutor.runWorker(ThreadPoolExecutor.java:1136)
at java.base/java.util.concurrent.ThreadPoolExecutor$Worker.run(ThreadPoolExecutor.java:635)
at java.base/java.lang.Thread.run(Thread.java:833)
]]>
            </full-stacktrace>
          </exception> <!-- org.openqa.selenium.SessionNotCreatedException -->
          <reporter-output>
          </reporter-output>
        </test-method> <!-- newTest -->
        <test-method signature="loginLogoutTest(java.util.Map)[pri:0, instance:com.as.tests.OrangeHRMTest@59505b48]" started-at="2024-02-18T00:39:25 IST" name="loginLogoutTest" description="to check whether the user can successfully login and logout" data-provider="getData" finished-at="2024-02-18T00:39:25 IST" duration-ms="0" status="SKIP">
          <params>
            <param index="0">
              <value>
                <![CDATA[{testname=loginLogouttest, execute=yes, browser=chrome, version=83.0, username=Admin, password=YWRtaW4xMjM=, fname=sachin, menutext=}]]>
              </value>
            </param>
          </params>
          <exception class="org.openqa.selenium.SessionNotCreatedException">
            <message>
              <![CDATA[Could not start a new session. Response code 500. Message: wait: http://172.17.0.6:4444/ does not respond in 30s 
Host info: host: 'ARVIND', ip: '172.25.16.1'
Build info: version: '4.10.0', revision: 'c14d967899'
System info: os.name: 'Windows 10', os.arch: 'amd64', os.version: '10.0', java.version: '17.0.8.1'
Driver info: org.openqa.selenium.remote.RemoteWebDriver
Command: [null, newSession {capabilities=[Capabilities {browserName: chrome, browserVersion: 83.0, goog:chromeOptions: {args: [--remote-allow-origins=*], extensions: []}, selenoid:options: {enableVNC: true, enableVideo: false, env: [TZ=UTC], labels: {manual: true}, name: test 1, sessionTimeout: 15m}}]}]
Capabilities {browserName: chrome, browserVersion: 83.0, goog:chromeOptions: {args: [--remote-allow-origins=*], extensions: []}, selenoid:options: {enableVNC: true, enableVideo: false, env: [TZ=UTC], labels: {manual: true}, name: test 1, sessionTimeout: 15m}}]]>
            </message>
            <full-stacktrace>
              <![CDATA[org.openqa.selenium.SessionNotCreatedException: Could not start a new session. Response code 500. Message: wait: http://172.17.0.6:4444/ does not respond in 30s 
Host info: host: 'ARVIND', ip: '172.25.16.1'
Build info: version: '4.10.0', revision: 'c14d967899'
System info: os.name: 'Windows 10', os.arch: 'amd64', os.version: '10.0', java.version: '17.0.8.1'
Driver info: org.openqa.selenium.remote.RemoteWebDriver
Command: [null, newSession {capabilities=[Capabilities {browserName: chrome, browserVersion: 83.0, goog:chromeOptions: {args: [--remote-allow-origins=*], extensions: []}, selenoid:options: {enableVNC: true, enableVideo: false, env: [TZ=UTC], labels: {manual: true}, name: test 1, sessionTimeout: 15m}}]}]
Capabilities {browserName: chrome, browserVersion: 83.0, goog:chromeOptions: {args: [--remote-allow-origins=*], extensions: []}, selenoid:options: {enableVNC: true, enableVideo: false, env: [TZ=UTC], labels: {manual: true}, name: test 1, sessionTimeout: 15m}}
at org.openqa.selenium.remote.ProtocolHandshake.createSession(ProtocolHandshake.java:140)
at org.openqa.selenium.remote.ProtocolHandshake.createSession(ProtocolHandshake.java:96)
at org.openqa.selenium.remote.ProtocolHandshake.createSession(ProtocolHandshake.java:68)
at org.openqa.selenium.remote.HttpCommandExecutor.execute(HttpCommandExecutor.java:163)
at org.openqa.selenium.remote.TracedCommandExecutor.execute(TracedCommandExecutor.java:51)
at org.openqa.selenium.remote.RemoteWebDriver.execute(RemoteWebDriver.java:531)
at org.openqa.selenium.remote.RemoteWebDriver.startSession(RemoteWebDriver.java:227)
at org.openqa.selenium.remote.RemoteWebDriver.<init>(RemoteWebDriver.java:154)
at org.openqa.selenium.remote.RemoteWebDriver.<init>(RemoteWebDriver.java:134)
at com.as.factories.DriverFactory.getDriver(DriverFactory.java:50)
at com.as.driver.Driver.initDriver(Driver.java:48)
at com.as.tests.BaseTest.setup(BaseTest.java:34)
at java.base/jdk.internal.reflect.NativeMethodAccessorImpl.invoke0(Native Method)
at java.base/jdk.internal.reflect.NativeMethodAccessorImpl.invoke(NativeMethodAccessorImpl.java:77)
at java.base/jdk.internal.reflect.DelegatingMethodAccessorImpl.invoke(DelegatingMethodAccessorImpl.java:43)
at java.base/java.lang.reflect.Method.invoke(Method.java:568)
at org.testng.internal.MethodInvocationHelper.invokeMethod(MethodInvocationHelper.java:133)
at org.testng.internal.MethodInvocationHelper.invokeMethodConsideringTimeout(MethodInvocationHelper.java:62)
at org.testng.internal.ConfigInvoker.invokeConfigurationMethod(ConfigInvoker.java:385)
at org.testng.internal.ConfigInvoker.invokeConfigurations(ConfigInvoker.java:321)
at org.testng.internal.TestInvoker.runConfigMethods(TestInvoker.java:700)
at org.testng.internal.TestInvoker.invokeMethod(TestInvoker.java:527)
at org.testng.internal.TestInvoker.invokeTestMethod(TestInvoker.java:173)
at org.testng.internal.TestMethodWithDataProviderMethodWorker.call(TestMethodWithDataProviderMethodWorker.java:77)
at org.testng.internal.TestMethodWithDataProviderMethodWorker.call(TestMethodWithDataProviderMethodWorker.java:15)
at java.base/java.util.concurrent.FutureTask.run(FutureTask.java:264)
at java.base/java.util.concurrent.Executors$RunnableAdapter.call(Executors.java:539)
at java.base/java.util.concurrent.FutureTask.run(FutureTask.java:264)
at java.base/java.util.concurrent.ThreadPoolExecutor.runWorker(ThreadPoolExecutor.java:1136)
at java.base/java.util.concurrent.ThreadPoolExecutor$Worker.run(ThreadPoolExecutor.java:635)
at java.base/java.lang.Thread.run(Thread.java:833)
]]>
            </full-stacktrace>
          </exception> <!-- org.openqa.selenium.SessionNotCreatedException -->
          <reporter-output>
          </reporter-output>
        </test-method> <!-- loginLogoutTest -->
      </class> <!-- com.as.tests.OrangeHRMTest -->
    </test> <!-- Test -->
  </suite> <!-- Suite -->
</testng-results>
